Total lab periods: 7
hii
printing  [[5, 3, 5, 5, 4, 4, 0, 0, 0, 0, 0, 0, 0, 0, 0, 0, 0, 10, 0, 0, 0, 0, 0, 0, 0, [0, 1, 2, 3, 4, 5, 6, 7, 8, 9, 10, 11, 12, 13, 14, 15, 16, 17, 18, 19, 20, 21, 22, 23, 24]], [5, 2, 5, 5, 4, 4, 0, 0, 0, 0, 0, 0, 0, 0, 0, 0, 0, 0, 9, 0, 0, 0, 0, 0, 0, [0, 1, 2, 3, 4, 5, 6, 7, 8, 9, 10, 11, 12, 13, 14, 15, 16, 17, 18, 19, 20, 21, 22, 23, 24]], [0, 0, 0, 5, 0, 0, 5, 5, 5, 5, 0, 0, 0, 0, 0, 5, 0, 0, 0, 5, 0, 0, 0, 0, 0, [0, 1, 2, 3, 4, 5, 6, 7, 8, 9, 10, 11, 12, 13, 14, 15, 16, 17, 18, 19, 20, 21, 22, 23, 24]], [0, 0, 0, 2, 5, 0, 5, 5, 5, 0, 5, 0, 0, 0, 0, 0, 0, 0, 0, 0, 9, 0, 0, 0, 0, [0, 1, 2, 3, 4, 5, 6, 7, 8, 9, 10, 11, 12, 13, 14, 15, 16, 17, 18, 19, 20, 21, 22, 23, 24]], [0, 5, 5, 0, 0, 0, 5, 0, 5, 0, 0, 5, 0, 0, 5, 0, 0, 0, 0, 0, 0, 6, 0, 0, 0, [0, 1, 2, 3, 4, 5, 6, 7, 8, 9, 10, 11, 12, 13, 14, 15, 16, 17, 18, 19, 20, 21, 22, 23, 24]], [0, 2, 5, 0, 0, 0, 5, 0, 3, 3, 2, 0, 0, 0, 5, 0, 0, 0, 0, 0, 0, 0, 7, 0, 0, [0, 1, 2, 3, 4, 5, 6, 7, 8, 9, 10, 11, 12, 13, 14, 15, 16, 17, 18, 19, 20, 21, 22, 23, 24]], [0, 0, 0, 0, 0, 0, 5, 5, 3, 3, 0, 5, 0, 0, 5, 5, 0, 0, 0, 0, 0, 0, 0, 5, 0, [0, 1, 2, 3, 4, 5, 6, 7, 8, 9, 10, 11, 12, 13, 14, 15, 16, 17, 18, 19, 20, 21, 22, 23, 24]], [0, 0, 0, 0, 0, 0, 0, 5, 3, 3, 0, 0, 0, 5, 5, 5, 5, 0, 0, 0, 0, 0, 0, 0, 5, [0, 1, 2, 3, 4, 5, 6, 7, 8, 9, 10, 11, 12, 13, 14, 15, 16, 17, 18, 19, 20, 21, 22, 23, 24]]]
hi
Assigned lab session 1 for class 1 with teacher 1 at periods 7 to 8
Assigned lab session 2 for class 1 with teacher 1 at periods 3 to 4
Assigned lab session 1 for class 5 with teacher 5 at periods 11 to 12
Assigned lab session 2 for class 5 with teacher 5 at periods 32 to 33
Assigned lab session 3 for class 5 with teacher 5 at periods 28 to 29
Assigned lab session 1 for class 2 with teacher 2 at periods 24 to 24
Assigned lab session 2 for class 2 with teacher 2 at periods 29 to 29

========== Class 0 ==========
        P  1   P  2   P  3   P  4   P  5   P  6   
Monday    Anil   Manoj  free   Aditi  Pooja  free  
Tuesday  Kavita  Anil   Manoj  free   Manoj  free  
Wednesday Anil  Sanjay  Anil  Sanjay  Anil  Sanjay 
Thursday  free   free   Aditi  Pooja  Aditi Kavita 
Friday    Aditi Kavita  Aditi  free  Kavita  free  
Saturday   iic    iic   Pooja  Pooja Kavita  Manoj 

========== Class 1 ==========
        P  1   P  2   P  3   P  4   P  5   P  6   
Monday    Manoj  free   Aditi Sanjay(lab)Sanjay(lab) free  
Tuesday   Pooja Sanjay(lab)Sanjay(lab) free  Kavita Kavita 
Wednesday Pooja  free   Manoj  Manoj Kavita Kavita 
Thursday  free   free   Anil   Anil   Anil   Aditi 
Friday    Pooja  Manoj Kavita  free   Aditi  Pooja 
Saturday   iic    iic   Aditi  Aditi  Anil   free  

========== Class 2 ==========
        P  1   P  2   P  3   P  4   P  5   P  6   
Monday    Rahul  Anil  Vikram  Rohit  Anil  Rajesh 
Tuesday   Priya  Rahul Rajesh  Priya Vikram Vikram 
Wednesday Rohit  Rohit  free   Anil   Rahul  Priya 
Thursday  free   free  Vikram  Rohit  Priya  free  
Friday   Kavita(lab) free   free   Anil   Priya Kavita(lab)
Saturday   iic    iic   Rahul  Rahul Vikram  Anil  

========== Class 3 ==========
        P  1   P  2   P  3   P  4   P  5   P  6   
Monday    Rohit  Rohit  free   Rahul  Priya  free  
Tuesday   Ritu   Ritu   free   Pooja  free   Anil  
Wednesday Rahul  Pooja  Ritu   Pooja  Ritu   free  
Thursday  free   Rahul  Priya  Rahul  Rahul  Rohit 
Friday    Priya  free   Priya  Pooja  Pooja  Priya 
Saturday   iic    iic   Anil   Ritu   Rohit  Rohit 

========== Class 4 ==========
        P  1   P  2   P  3   P  4   P  5   P  6   
Monday    Sneha Kavita  Priya  Nisha  Rahul Kavita 
Tuesday  Sanjay  free   Priya  Nisha Sanjay  Sneha 
Wednesday Priya  Nisha Kavita  free  Sanjay  free  
Thursday  free   Sneha  free  Sanjay Sanjay  free  
Friday    Rahul  Priya  Rahul  Sneha  Nisha  Rahul 
Saturday   iic    iic   Sneha  Nisha  free   Priya 

========== Class 5 ==========
        P  1   P  2   P  3   P  4   P  5   P  6   
Monday    free   free   Sneha  free  Rajesh  Rahul 
Tuesday   Sneha  Sneha  Ritu  Kavita Rajesh Manoj(lab)
WednesdayManoj(lab)Kavita  Rahul Kavita  free   Rahul 
Thursday  free  Sanjay  free   free  Kavita  Priya 
Friday    Sneha Rajesh Sanjay Kavita Manoj(lab)Manoj(lab)
Saturday   iic    iic  Manoj(lab)Manoj(lab) Ritu   Sneha 

========== Class 6 ==========
        P  1   P  2   P  3   P  4   P  5   P  6   
Monday    Priya  Nisha  Nisha Vikram  free   free  
Tuesday   Rohit  Priya  free   Rahul  free   Rohit 
Wednesday Sneha Vikram  Sneha  Priya  Priya Vikram 
Thursday  free   Priya  Rohit  free  Vikram  Rahul 
Friday    Nisha  Nisha Rajesh  Rohit Rajesh  Rohit 
Saturday   iic    iic   Nisha Rajesh  Rahul Vikram 

========== Class 7 ==========
        P  1   P  2   P  3   P  4   P  5   P  6   
Monday    free   Sneha  Rohit  Richa Sameer  Rohit 
Tuesday   free  Vikram  Sneha  Richa  Rohit Sameer 
WednesdayVikram  Rahul  free  Vikram Rajesh  Sneha 
Thursday  free   Rohit  free   free   Rohit Vikram 
Friday   Sameer Vikram Sameer  Richa  Rahul Sameer 
Saturday   iic    iic  Rajesh  Sneha  Sneha  Richa 
[[0, 0, 0, 0, 0, 0, 0, 0, 0, 0, 0, 0, 0, 0, 0, 0, 0, 3, 0, 0, 0, 0, 0, 0, 0, [0, 1, 2, 3, 4, 5, 6, 7, 8, 9, 10, 11, 12, 13, 14, 15, 16, 17, 18, 19, 20, 21, 22, 23, 24]], [0, -2, 0, 1, 0, 0, 0, 0, 0, 0, 0, 0, 0, 0, 0, 0, 0, 0, 2, 0, 0, 0, 0, 0, 0, [0, 1, 2, 3, 4, 5, 6, 7, 8, 9, 10, 11, 12, 13, 14, 15, 16, 17, 18, 19, 20, 21, 22, 23, 24]], [0, 0, -2, 0, 0, 0, 0, 1, 0, 3, 0, 0, 0, 0, 0, 0, 0, 0, 0, 0, 0, 0, 0, 0, 0, [0, 1, 2, 3, 4, 5, 6, 7, 8, 9, 10, 11, 12, 13, 14, 15, 16, 17, 18, 19, 20, 21, 22, 23, 24]], [0, 0, 0, 0, 0, 0, 0, 0, 0, 0, 0, 0, 0, 0, 0, 0, 0, 0, 0, 0, 3, 0, 0, 0, 0, [0, 1, 2, 3, 4, 5, 6, 7, 8, 9, 10, 11, 12, 13, 14, 15, 16, 17, 18, 19, 20, 21, 22, 23, 24]], [0, 0, 2, 0, 0, 0, 0, 0, 1, 0, 0, 0, 0, 0, 0, 0, 0, 0, 0, 0, 0, 0, 0, 0, 0, [0, 1, 2, 3, 4, 5, 6, 7, 8, 9, 10, 11, 12, 13, 14, 15, 16, 17, 18, 19, 20, 21, 22, 23, 24]], [0, 0, 0, 0, 0, -6, 4, 0, 0, 0, 0, 0, 0, 0, 0, 0, 0, 0, 0, 0, 0, 0, 1, 0, 0, [0, 1, 2, 3, 4, 5, 6, 7, 8, 9, 10, 11, 12, 13, 14, 15, 16, 17, 18, 19, 20, 21, 22, 23, 24]], [0, 0, 0, 0, 0, 0, 0, 0, 0, 0, 0, 0, 0, 0, 3, 0, 0, 0, 0, 0, 0, 0, 0, 0, 0, [0, 1, 2, 3, 4, 5, 6, 7, 8, 9, 10, 11, 12, 13, 14, 15, 16, 17, 18, 19, 20, 21, 22, 23, 24]], [0, 0, 0, 0, 0, 0, 0, 0, 1, 1, 0, 0, 0, 0, 0, 0, 1, 0, 0, 0, 0, 0, 0, 0, 0, [0, 1, 2, 3, 4, 5, 6, 7, 8, 9, 10, 11, 12, 13, 14, 15, 16, 17, 18, 19, 20, 21, 22, 23, 24]]]
