Total lab periods: 20
Assigned lab session 2 for class 0 with teacher 1 at periods 22 to 23
Assigned lab session 4 for class 0 with teacher 1 at periods 27 to 28
Assigned lab session 6 for class 0 with teacher 1 at periods 3 to 4
Assigned lab session 2 for class 1 with teacher 9 at periods 2 to 3
Assigned lab session 4 for class 1 with teacher 9 at periods 22 to 23
Assigned lab session 2 for class 2 with teacher 10 at periods 32 to 33
Assigned lab session 4 for class 2 with teacher 10 at periods 8 to 9
Assigned lab session 6 for class 2 with teacher 10 at periods 0 to 1

========== Class 0 ==========
        P  1   P  2   P  3   P  4   P  5   P  6   
Monday     S9    free    S8   S2(lab)S2(lab) free  
Tuesday   free   free    S6     S9     S6     S6   
Wednesday  S8     S5     S3    free    S7     S5   
Thursday  foyer  free   free    S3   S2(lab)S2(lab)
Friday    free    S7     S5   S2(lab)S2(lab) free  
Saturday   iic    iic    S9     S5     S7    free  

========== Class 1 ==========
        P  1   P  2   P  3   P  4   P  5   P  6   
Monday    free   free  S10(lab)S10(lab) free   free  
Tuesday    S9    free   free    S5     S4     S7   
Wednesday free   free    S6    free    S5    free  
Thursday  foyer  free    S5     S6   S10(lab)S10(lab)
Friday     S5    free   free    S4     S7    free  
Saturday   iic    iic    S4     S9     S6     S4   

========== Class 2 ==========
        P  1   P  2   P  3   P  4   P  5   P  6   
Monday   S11(lab)S11(lab)  S7     S7     S5    free  
Tuesday    S4     S10  S11(lab)S11(lab)  S5     S4   
Wednesday  S3    free    S5    free    S4     S10  
Thursday  foyer   S3    free    S5     S3     S3   
Friday    free   free    S4     S10    S5     S10  
Saturday   iic    iic  S11(lab)S11(lab)  S3    free  

========== Class 3 ==========
        P  1   P  2   P  3   P  4   P  5   P  6   
Monday     S12    S4     S11    S4    free   free  
Tuesday   free   free    S1     S10   free   free  
Wednesday  S12   free    S11   free    S8    free  
Thursday  foyer  free   free    S10    S1     S8   
Friday     S11   free    S12    S1     S11    S4   
Saturday   iic    iic    S1    free    S4     S12  

========== Class 4 ==========
        P  1   P  2   P  3   P  4   P  5   P  6   
Monday    free   free   free    S1     S1    free  
Tuesday    S5     S2     S5     S8     S2    free  
Wednesday free    S3    free    S3     S1     S3   
Thursday  foyer   S5     S2     S1    free    S1   
Friday    free    S5    free    S8     S3     S3   
Saturday   iic    iic   free    S2     S5     S2   
